This is XeTeX, Version 3.14159265-2.6-0.99992 (TeX Live 2015/Debian) (preloaded format=xelatex 2019.9.8)  25 SEP 2019 10:44
entering extended mode
 restricted \write18 enabled.
 %&-line parsing enabled.
**lesson3.tex
(./lesson3.tex
LaTeX2e <2016/02/01>
Babel <3.9q> and hyphenation patterns for 81 language(s) loaded.
! Undefined control sequence.
l.1 \chapter
            {á”á“áŸ’á‘á»á€á¢á‚áŸ’á‚á·áŸá“á¸ á“á·á„áŠáŸ‚á“á...
The control sequence at the end of the top line
of your error message was never \def'ed. If you have
misspelled it (e.g., `\hobx'), type `I' and the correct
spelling (e.g., `I\hbox'). Otherwise just continue,
and I'll forget about whatever was undefined.


! LaTeX Error: Missing \begin{document}.

See the LaTeX manual or LaTeX Companion for explanation.
Type  H <return>  for immediate help.
 ...                                              
                                                  
l.1 \chapter{á”
                á“áŸ’á‘á»á€á¢á‚áŸ’á‚á·áŸá“á¸ á“á·á„áŠáŸ‚á“á...

You're in trouble here.  Try typing  <return>  to proceed.
If that doesn't work, type  X <return>  to quit.

Missing character: There is no á” in font nullfont!
Missing character: There is no á“ in font nullfont!
Missing character: There is no áŸ’ in font nullfont!
Missing character: There is no á‘ in font nullfont!
Missing character: There is no á» in font nullfont!
Missing character: There is no á€ in font nullfont!
Missing character: There is no á¢ in font nullfont!
Missing character: There is no á‚ in font nullfont!
Missing character: There is no áŸ’ in font nullfont!
Missing character: There is no á‚ in font nullfont!
Missing character: There is no á· in font nullfont!
Missing character: There is no áŸ in font nullfont!
Missing character: There is no á“ in font nullfont!
Missing character: There is no á¸ in font nullfont!
Missing character: There is no á“ in font nullfont!
Missing character: There is no á· in font nullfont!
Missing character: There is no á„ in font nullfont!
Missing character: There is no áŠ in font nullfont!
Missing character: There is no áŸ‚ in font nullfont!
Missing character: There is no á“ in font nullfont!
Missing character: There is no á¢ in font nullfont!
Missing character: There is no á‚ in font nullfont!
Missing character: There is no áŸ’ in font nullfont!
Missing character: There is no á‚ in font nullfont!
Missing character: There is no á· in font nullfont!
Missing character: There is no áŸ in font nullfont!
Missing character: There is no á“ in font nullfont!
Missing character: There is no á¸ in font nullfont!
! Undefined control sequence.
l.2 \section
            {á¢á‚áŸ’á‚á·áŸá“á¸á€á˜áŸ’á˜}
The control sequence at the end of the top line
of your error message was never \def'ed. If you have
misspelled it (e.g., `\hobx'), type `I' and the correct
spelling (e.g., `I\hbox'). Otherwise just continue,
and I'll forget about whatever was undefined.

Missing character: There is no á¢ in font nullfont!
Missing character: There is no á‚ in font nullfont!
Missing character: There is no áŸ’ in font nullfont!
Missing character: There is no á‚ in font nullfont!
Missing character: There is no á· in font nullfont!
Missing character: There is no áŸ in font nullfont!
Missing character: There is no á“ in font nullfont!
Missing character: There is no á¸ in font nullfont!
Missing character: There is no á€ in font nullfont!
Missing character: There is no á˜ in font nullfont!
Missing character: There is no áŸ’ in font nullfont!
Missing character: There is no á˜ in font nullfont!
! Undefined control sequence.
l.3 \section
            {á”á“áŸ’á‘á»á€á¢á‚áŸ’á‚á·áŸá“á¸}
The control sequence at the end of the top line
of your error message was never \def'ed. If you have
misspelled it (e.g., `\hobx'), type `I' and the correct
spelling (e.g., `I\hbox'). Otherwise just continue,
and I'll forget about whatever was undefined.

Missing character: There is no á” in font nullfont!
Missing character: There is no á“ in font nullfont!
Missing character: There is no áŸ’ in font nullfont!
Missing character: There is no á‘ in font nullfont!
Missing character: There is no á» in font nullfont!
Missing character: There is no á€ in font nullfont!
Missing character: There is no á¢ in font nullfont!
Missing character: There is no á‚ in font nullfont!
Missing character: There is no áŸ’ in font nullfont!
Missing character: There is no á‚ in font nullfont!
Missing character: There is no á· in font nullfont!
Missing character: There is no áŸ in font nullfont!
Missing character: There is no á“ in font nullfont!
Missing character: There is no á¸ in font nullfont!
! Undefined control sequence.
l.4 \subsection
               {á”áŸ’ášá—áŸá‘á‘á¶áŸ†á„á–á¸ášá“áŸƒá”á“áŸ’á‘á»...
The control sequence at the end of the top line
of your error message was never \def'ed. If you have
misspelled it (e.g., `\hobx'), type `I' and the correct
spelling (e.g., `I\hbox'). Otherwise just continue,
and I'll forget about whatever was undefined.

Missing character: There is no á” in font nullfont!
Missing character: There is no áŸ’ in font nullfont!
Missing character: There is no áš in font nullfont!
Missing character: There is no á— in font nullfont!
Missing character: There is no áŸ in font nullfont!
Missing character: There is no á‘ in font nullfont!
Missing character: There is no á‘ in font nullfont!
Missing character: There is no á¶ in font nullfont!
Missing character: There is no áŸ† in font nullfont!
Missing character: There is no á„ in font nullfont!
Missing character: There is no á– in font nullfont!
Missing character: There is no á¸ in font nullfont!
Missing character: There is no áš in font nullfont!
Missing character: There is no á“ in font nullfont!
Missing character: There is no áŸƒ in font nullfont!
Missing character: There is no á” in font nullfont!
Missing character: There is no á“ in font nullfont!
Missing character: There is no áŸ’ in font nullfont!
Missing character: There is no á‘ in font nullfont!
Missing character: There is no á» in font nullfont!
Missing character: There is no á€ in font nullfont!
Missing character: There is no á¢ in font nullfont!
Missing character: There is no á‚ in font nullfont!
Missing character: There is no áŸ’ in font nullfont!
Missing character: There is no á‚ in font nullfont!
Missing character: There is no á· in font nullfont!
Missing character: There is no áŸ in font nullfont!
Missing character: There is no á“ in font nullfont!
Missing character: There is no á¸ in font nullfont!
)
! Emergency stop.
<*> lesson3.tex
               
*** (job aborted, no legal \end found)

 
Here is how much of TeX's memory you used:
 4 strings out of 493638
 42 string characters out of 6146797
 53543 words of memory out of 5000000
 3505 multiletter control sequences out of 15000+600000
 3640 words of font info for 14 fonts, out of 8000000 for 9000
 1328 hyphenation exceptions out of 8191
 5i,0n,4p,56b,16s stack positions out of 5000i,500n,10000p,200000b,80000s
No pages of output.
