This is XeTeX, Version 3.14159265-2.6-0.99999 (TeX Live 2018) (preloaded format=xelatex 2018.4.16)  13 OCT 2019 20:26
entering extended mode
 restricted \write18 enabled.
 file:line:error style messages enabled.
 %&-line parsing enabled.
**opencv_book_v1_2019.run.xml
(./opencv_book_v1_2019.run.xml
LaTeX2e <2018-04-01> patch level 2
Babel <3.18> and hyphenation patterns for 84 language(s) loaded.

./opencv_book_v1_2019.run.xml:1: LaTeX Error: Missing \begin{document}.

See the LaTeX manual or LaTeX Companion for explanation.
Type  H <return>  for immediate help.
 ...                                              
                                                  
l.1 <
     ?xml version="1.0" standalone="yes"?>
? 
./opencv_book_v1_2019.run.xml:1: Emergency stop.
 ...                                              
                                                  
l.1 <
     ?xml version="1.0" standalone="yes"?>
You're in trouble here.  Try typing  <return>  to proceed.
If that doesn't work, type  X <return>  to quit.

 
Here is how much of TeX's memory you used:
 6 strings out of 492970
 243 string characters out of 6133938
 63642 words of memory out of 5000000
 4112 multiletter control sequences out of 15000+600000
 3640 words of font info for 14 fonts, out of 8000000 for 9000
 1348 hyphenation exceptions out of 8191
 5i,0n,4p,68b,14s stack positions out of 5000i,500n,10000p,200000b,80000s
No pages of output.
