mktextfm KhmerOSPalatino
mktextfm KhmerOSPalatino
mktextfm KhmerOSPalatino
mktextfm KhmerOSPalatino
mktextfm KhmerOSPalatino
mktextfm KhmerOSPalatino
mktextfm KhmerOSPalatino
mktextfm KhmerOSPalatino
mktextfm KhmerOSPalatino
mktextfm KhmerOSPalatino
mktextfm KhmerOSPalatino
mktextfm KhmerOSBokorPalatino
mktextfm KhmerOSBokorPalatino
mktextfm KhmerOSBokorPalatino
mktextfm KhmerOSBokorPalatino
mktextfm KhmerOSBokorPalatino
mktextfm KhmerOSBokorPalatino
mktextfm KhmerOSBokorPalatino
mktextfm KhmerOSBokorPalatino
mktextfm KhmerOSBokorPalatino
mktextfm KhmerOSBokorPalatino
mktextfm KhmerOSConsolas
mktextfm KhmerOSConsolas
mktextfm KhmerOSConsolas
mktextfm KhmerOSConsolas
mktextfm KhmerOSConsolas
mktextfm KhmerOSConsolas
mktextfm KhmerOSConsolas
mktextfm KhmerOSConsolas
mktextfm KhmerOSConsolas
mktextfm KhmerOSConsolas
mktextfm KhmerOSPalatino
mktextfm KhmerOSBokorPalatino
mktextfm KhmerOSPalatino
mktextfm KhmerOSPalatino
mktextfm KhmerOSPalatino
mktextfm KhmerOSBokorPalatino
mktextfm KhmerOSBokorPalatino
mktextfm KhmerOSPalatino
mktextfm KhmerOSBokorPalatino
mktextfm KhmerOSPalatino
mktextfm KhmerOSPalatino
mktextfm KhmerOSPalatino
mktextfm KhmerOSPalatino
mktextfm KhmerOSPalatino
mktextfm KhmerOSPalatino
mktextfm KhmerOSPalatino
mktextfm KhmerOSPalatino
mktextfm KhmerOSPalatino
mktextfm KhmerOSPalatino
mktextfm KhmerOSPalatino
mktextfm KhmerOSPalatino
mktextfm KhmerOSPalatino
mktextfm KhmerOSBokorPalatino
mktextfm KhmerOSBokorPalatino
mktextfm KhmerOSBokorPalatino
mktextfm KhmerOSBokorPalatino
mktextfm KhmerOSBokorPalatino
mktextfm KhmerOSBokorPalatino
mktextfm KhmerOSBokorPalatino
mktextfm KhmerOSBokorPalatino
mktextfm KhmerOSBokorPalatino
mktextfm KhmerOSBokorPalatino
mktextfm KhmerOSConsolas
mktextfm KhmerOSConsolas
mktextfm KhmerOSConsolas
mktextfm KhmerOSConsolas
mktextfm KhmerOSConsolas
mktextfm KhmerOSConsolas
mktextfm KhmerOSConsolas
mktextfm KhmerOSConsolas
mktextfm KhmerOSConsolas
mktextfm KhmerOSConsolas
mktextfm KhmerOSPalatino
mktextfm KhmerOSBokorPalatino
mktextfm KhmerOSPalatino
mktextfm KhmerOSPalatino
mktextfm KhmerOSPalatino
mktextfm KhmerOSBokorPalatino
mktextfm KhmerOSBokorPalatino
mktextfm KhmerOSPalatino
mktextfm KhmerOSBokorPalatino
mktextfm KhmerOSPalatino
mktextfm KhmerOSPalatino
mktextfm Waltograph
mktextfm Waltograph
mktextfm Waltograph
mktextfm Waltograph/BI
mktextfm Waltograph
mktextfm Waltograph/B
mktextfm Waltograph
mktextfm Waltograph/I
mktextfm Waltograph
mktextfm Waltograph
mktextfm Waltograph
